<?xml version="1.0" encoding="UTF-8"?>
<!-- Generated by org.testng.reporters.JUnitReportReporter -->
<testsuite hostname="DESKTOP-IF4HBMG" failures="0" tests="1" name="com.invygo.Facebook.FacebookTest" time="31.630" errors="0" timestamp="23 Nov 2021 19:54:49 GMT" skipped="0">
  <testcase classname="com.invygo.Facebook.FacebookTest" name="facebooklogin" time="31.630"/>
</testsuite> <!-- com.invygo.Facebook.FacebookTest -->
