<?xml version="1.0" encoding="UTF-8"?>
<!-- Generated by org.testng.reporters.JUnitReportReporter -->
<testsuite hostname="DESKTOP-IF4HBMG" failures="0" tests="1" name="com.invygo.Facebook.FacebookTest" time="90.008" errors="0" timestamp="23 Nov 2021 20:19:45 GMT" skipped="0">
  <testcase classname="com.invygo.Facebook.FacebookTest" name="facebooklogin" time="90.008"/>
</testsuite> <!-- com.invygo.Facebook.FacebookTest -->
